<?xml version="1.0" encoding="UTF-8"?>
<!-- Generated by org.testng.reporters.JUnitReportReporter -->
<testsuite hostname="DESKTOP-4MMFVJL" failures="0" tests="6" name="org.testExecutionEngine.TestExecutionEngine" time="102.784" errors="0" timestamp="2020-09-18T14:03:50 IST" skipped="0">
  <testcase classname="org.testExecutionEngine.TestExecutionEngine" name="executionEngine" time="19.110"/>
  <system-out/>
  <testcase classname="org.testExecutionEngine.TestExecutionEngine" name="executionEngine" time="22.430"/>
  <system-out/>
  <testcase classname="org.testExecutionEngine.TestExecutionEngine" name="executionEngine" time="11.093"/>
  <system-out/>
  <testcase classname="org.testExecutionEngine.TestExecutionEngine" name="executionEngine" time="23.828"/>
  <system-out/>
  <testcase classname="org.testExecutionEngine.TestExecutionEngine" name="executionEngine" time="11.229"/>
  <system-out/>
  <testcase classname="org.testExecutionEngine.TestExecutionEngine" name="executionEngine" time="15.094"/>
  <system-out/>
</testsuite> <!-- org.testExecutionEngine.TestExecutionEngine -->
